20:38:53,025 INFO  [localhost-startStop-1][DialectDetector:71] Determine dialect for HSQL Database Engine 2
20:38:53,029 WARN  [localhost-startStop-1][DialectDetector:86] Liferay is configured to use Hypersonic as its database. Do NOT use Hypersonic in production. Hypersonic is an embedded database useful for development and demo'ing purposes. The database settings can be changed in portal-ext.properties.
20:38:53,061 INFO  [localhost-startStop-1][DialectDetector:136] Found dialect org.hibernate.dialect.HSQLDialect
20:39:16,951 INFO  [localhost-startStop-1][StartupAction:97] There are no patches installed
20:39:17,475 INFO  [localhost-startStop-1][BaseDB:481] Database supports case sensitive queries
20:39:17,870 INFO  [localhost-startStop-1][VerifyProcess:65] Verifying com.liferay.portal.verify.VerifyProcessSuite
20:39:17,871 INFO  [localhost-startStop-1][VerifyProcess:65] Verifying com.liferay.portal.verify.VerifyProperties
20:39:17,892 INFO  [localhost-startStop-1][VerifyProcess:65] Verifying com.liferay.portal.verify.VerifyDB2
20:39:17,892 INFO  [localhost-startStop-1][VerifyProcess:65] Verifying com.liferay.portal.verify.VerifyMySQL
20:39:17,893 INFO  [localhost-startStop-1][VerifyProcess:65] Verifying com.liferay.portal.verify.VerifyOracle
20:39:17,893 INFO  [localhost-startStop-1][VerifyProcess:65] Verifying com.liferay.portal.verify.VerifySQLServer
20:39:17,894 INFO  [localhost-startStop-1][VerifyProcess:65] Verifying com.liferay.portal.verify.VerifyUUID
20:39:17,910 INFO  [localhost-startStop-1][VerifyProcess:65] Verifying com.liferay.portal.verify.VerifyPermission
20:39:18,681 INFO  [localhost-startStop-1][VerifyProcess:65] Verifying com.liferay.portal.verify.VerifyGroup
20:39:18,713 INFO  [localhost-startStop-1][VerifyProcess:65] Verifying com.liferay.portal.verify.VerifyRole
20:39:18,714 INFO  [localhost-startStop-1][VerifyProcess:65] Verifying com.liferay.portal.verify.VerifyAsset
20:39:18,717 INFO  [localhost-startStop-1][UpgradeProcess:164] Upgrading com.liferay.portal.upgrade.util.UpgradeAssetPublisherManualEntries
20:39:18,718 INFO  [localhost-startStop-1][VerifyProcess:65] Verifying com.liferay.portal.verify.VerifyAuditedModel
20:39:18,746 INFO  [localhost-startStop-1][VerifyProcess:65] Verifying com.liferay.portal.verify.VerifyBlogs
20:39:18,751 INFO  [localhost-startStop-1][VerifyProcess:65] Verifying com.liferay.portal.verify.VerifyBookmarks
20:39:18,757 INFO  [localhost-startStop-1][VerifyProcess:65] Verifying com.liferay.portal.verify.VerifyCalendar
20:39:18,761 INFO  [localhost-startStop-1][VerifyProcess:65] Verifying com.liferay.portal.verify.VerifyDocumentLibrary
20:39:18,883 INFO  [localhost-startStop-1][VerifyProcess:65] Verifying com.liferay.portal.verify.VerifyDynamicDataMapping
20:39:18,887 INFO  [localhost-startStop-1][VerifyProcess:65] Verifying com.liferay.portal.verify.VerifyGroupId
20:39:18,891 INFO  [localhost-startStop-1][VerifyProcess:65] Verifying com.liferay.portal.verify.VerifyJournal
20:39:18,905 INFO  [localhost-startStop-1][VerifyProcess:65] Verifying com.liferay.portal.verify.VerifyLayout
20:39:18,916 INFO  [localhost-startStop-1][VerifyProcess:65] Verifying com.liferay.portal.verify.VerifyMessageBoards
20:39:18,927 INFO  [localhost-startStop-1][VerifyProcess:65] Verifying com.liferay.portal.verify.VerifyOrganization
20:39:18,934 INFO  [localhost-startStop-1][VerifyProcess:65] Verifying com.liferay.portal.verify.VerifyPortalPreferences
20:39:18,935 INFO  [localhost-startStop-1][VerifyProcess:65] Verifying com.liferay.portal.verify.VerifyPortletPreferences
20:39:18,950 INFO  [localhost-startStop-1][VerifyProcess:65] Verifying com.liferay.portal.verify.VerifyRegion
20:39:18,952 INFO  [localhost-startStop-1][VerifyProcess:65] Verifying com.liferay.portal.verify.VerifyResourcePermissions
20:39:18,952 INFO  [localhost-startStop-1][VerifyProcess:65] Verifying com.liferay.portal.verify.VerifyUser
20:39:18,958 INFO  [localhost-startStop-1][VerifyProcess:65] Verifying com.liferay.portal.verify.VerifyWiki
20:39:18,961 INFO  [localhost-startStop-1][VerifyProcess:65] Verifying com.liferay.portal.verify.VerifyWorkflow
20:39:19,009 INFO  [localhost-startStop-1][ServerDetector:140] Server supports hot deploy
20:39:19,013 INFO  [localhost-startStop-1][PluginPackageUtil:1013] Reading plugin package for the root context
20:39:27,044 INFO  [localhost-startStop-1][AutoDeployDir:116] Creating missing directory C:\Users\Administrator\Tools\LiferayBundles\amf-dev-training\liferay-portal-tomcat-6.2-ce-ga5-20151119152357409\liferay-portal-6.2-ce-ga5\deploy
20:39:27,045 INFO  [localhost-startStop-1][AutoDeployDir:139] Auto deploy scanner started for C:\Users\Administrator\Tools\LiferayBundles\amf-dev-training\liferay-portal-tomcat-6.2-ce-ga5-20151119152357409\liferay-portal-6.2-ce-ga5\deploy
20:41:15,096 INFO  [http-bio-8080-exec-10][DialectDetector:71] Determine dialect for MySQL 5
20:41:15,101 INFO  [http-bio-8080-exec-10][DialectDetector:136] Found dialect org.hibernate.dialect.MySQLDialect
20:41:17,913 INFO  [http-bio-8080-exec-10][StartupAction:97] There are no patches installed
20:41:17,936 ERROR [http-bio-8080-exec-10][JDBCExceptionReporter:82] Table 'lportal.lock_' doesn't exist
20:41:17,941 WARN  [http-bio-8080-exec-10][StartupAction:147] Unable to clear locks because Lock table does not exist
20:41:17,943 WARN  [http-bio-8080-exec-10][ReleaseLocalServiceImpl:171] Table 'lportal.release_' doesn't exist
20:41:17,945 INFO  [http-bio-8080-exec-10][ReleaseLocalServiceImpl:84] Create tables and populate with default data
20:41:55,618 WARN  [http-bio-8080-exec-10][BaseDB:457] Specified key was too long; max key length is 767 bytes: create index IX_7020130F on SCProductVersion (directDownloadURL);_ [Sanitized]
20:41:55,620 ERROR [http-bio-8080-exec-10][BaseDB:464] create index IX_7020130F on SCProductVersion (directDownloadURL);
20:42:01,066 WARN  [http-bio-8080-exec-10][BaseDB:457] Specified key was too long; max key length is 767 bytes: create index IX_89509087 on User_ (companyId, openId);_ [Sanitized]
20:42:01,066 ERROR [http-bio-8080-exec-10][BaseDB:464] create index IX_89509087 on User_ (companyId, openId);
20:42:03,951 INFO  [http-bio-8080-exec-10][BaseDB:484] Database does not support case sensitive queries
20:42:05,186 INFO  [http-bio-8080-exec-10][VerifyProcess:65] Verifying com.liferay.portal.verify.VerifyProcessSuite
20:42:05,187 INFO  [http-bio-8080-exec-10][VerifyProcess:65] Verifying com.liferay.portal.verify.VerifyProperties
20:42:05,202 INFO  [http-bio-8080-exec-10][VerifyProcess:65] Verifying com.liferay.portal.verify.VerifyDB2
20:42:05,203 INFO  [http-bio-8080-exec-10][VerifyProcess:65] Verifying com.liferay.portal.verify.VerifyMySQL
20:42:05,217 INFO  [http-bio-8080-exec-10][VerifyProcess:65] Verifying com.liferay.portal.verify.VerifyOracle
20:42:05,218 INFO  [http-bio-8080-exec-10][VerifyProcess:65] Verifying com.liferay.portal.verify.VerifySQLServer
20:42:05,218 INFO  [http-bio-8080-exec-10][VerifyProcess:65] Verifying com.liferay.portal.verify.VerifyUUID
20:42:05,224 INFO  [http-bio-8080-exec-10][VerifyProcess:65] Verifying com.liferay.portal.verify.VerifyPermission
20:42:05,227 INFO  [http-bio-8080-exec-10][VerifyProcess:65] Verifying com.liferay.portal.verify.VerifyGroup
20:42:05,233 INFO  [http-bio-8080-exec-10][VerifyProcess:65] Verifying com.liferay.portal.verify.VerifyRole
20:42:05,234 INFO  [http-bio-8080-exec-10][VerifyProcess:65] Verifying com.liferay.portal.verify.VerifyAsset
20:42:05,234 INFO  [http-bio-8080-exec-10][UpgradeProcess:164] Upgrading com.liferay.portal.upgrade.util.UpgradeAssetPublisherManualEntries
20:42:05,235 INFO  [http-bio-8080-exec-10][VerifyProcess:65] Verifying com.liferay.portal.verify.VerifyAuditedModel
20:42:05,238 INFO  [http-bio-8080-exec-10][VerifyProcess:65] Verifying com.liferay.portal.verify.VerifyBlogs
20:42:05,240 INFO  [http-bio-8080-exec-10][VerifyProcess:65] Verifying com.liferay.portal.verify.VerifyBookmarks
20:42:05,245 INFO  [http-bio-8080-exec-10][VerifyProcess:65] Verifying com.liferay.portal.verify.VerifyCalendar
20:42:05,248 INFO  [http-bio-8080-exec-10][VerifyProcess:65] Verifying com.liferay.portal.verify.VerifyDocumentLibrary
20:42:05,269 INFO  [http-bio-8080-exec-10][VerifyProcess:65] Verifying com.liferay.portal.verify.VerifyDynamicDataMapping
20:42:05,271 INFO  [http-bio-8080-exec-10][VerifyProcess:65] Verifying com.liferay.portal.verify.VerifyGroupId
20:42:05,274 INFO  [http-bio-8080-exec-10][VerifyProcess:65] Verifying com.liferay.portal.verify.VerifyJournal
20:42:05,282 INFO  [http-bio-8080-exec-10][VerifyProcess:65] Verifying com.liferay.portal.verify.VerifyLayout
20:42:05,285 INFO  [http-bio-8080-exec-10][VerifyProcess:65] Verifying com.liferay.portal.verify.VerifyMessageBoards
20:42:05,290 INFO  [http-bio-8080-exec-10][VerifyProcess:65] Verifying com.liferay.portal.verify.VerifyOrganization
20:42:05,295 INFO  [http-bio-8080-exec-10][VerifyProcess:65] Verifying com.liferay.portal.verify.VerifyPortalPreferences
20:42:05,296 INFO  [http-bio-8080-exec-10][VerifyProcess:65] Verifying com.liferay.portal.verify.VerifyPortletPreferences
20:42:05,301 INFO  [http-bio-8080-exec-10][VerifyProcess:65] Verifying com.liferay.portal.verify.VerifyRegion
20:42:05,302 INFO  [http-bio-8080-exec-10][VerifyProcess:65] Verifying com.liferay.portal.verify.VerifyResourcePermissions
20:42:05,303 INFO  [http-bio-8080-exec-10][VerifyProcess:65] Verifying com.liferay.portal.verify.VerifyUser
20:42:05,305 INFO  [http-bio-8080-exec-10][VerifyProcess:65] Verifying com.liferay.portal.verify.VerifyWiki
20:42:05,307 INFO  [http-bio-8080-exec-10][VerifyProcess:65] Verifying com.liferay.portal.verify.VerifyWorkflow
20:42:11,057 INFO  [http-bio-8080-exec-10][HotDeployEvent:145] Plugin calendar-portlet requires marketplace-portlet
20:42:11,058 INFO  [http-bio-8080-exec-10][HotDeployImpl:276] Queueing calendar-portlet for deploy because it is missing marketplace-portlet
20:42:11,225 INFO  [http-bio-8080-exec-10][HotDeployEvent:145] Plugin kaleo-web requires marketplace-portlet
20:42:11,226 INFO  [http-bio-8080-exec-10][HotDeployImpl:276] Queueing kaleo-web for deploy because it is missing marketplace-portlet
20:42:11,271 INFO  [http-bio-8080-exec-10][HotDeployImpl:217] Deploying marketplace-portlet from queue
20:42:11,273 INFO  [http-bio-8080-exec-10][PluginPackageUtil:1016] Reading plugin package for marketplace-portlet
20:42:11,450 INFO  [http-bio-8080-exec-10][ServiceComponentLocalServiceImpl:323] Running Marketplace SQL scripts
20:42:11,809 WARN  [http-bio-8080-exec-10][BaseDB:457] Specified key was too long; max key length is 767 bytes: create index IX_5848F52D on Marketplace_Module (appId, bundleSymbolicName, bundleVersion);_ [Sanitized]
20:42:11,810 ERROR [http-bio-8080-exec-10][BaseDB:464] create index IX_5848F52D on Marketplace_Module (appId, bundleSymbolicName, bundleVersion);
20:42:11,849 WARN  [http-bio-8080-exec-10][BaseDB:457] Specified key was too long; max key length is 767 bytes: create index IX_DD03D499 on Marketplace_Module (bundleSymbolicName);_ [Sanitized]
20:42:11,849 ERROR [http-bio-8080-exec-10][BaseDB:464] create index IX_DD03D499 on Marketplace_Module (bundleSymbolicName);
20:42:12,521 INFO  [http-bio-8080-exec-10][HookHotDeployListener:709] Registering hook for marketplace-portlet
20:42:12,563 INFO  [http-bio-8080-exec-10][UpgradeProcess:164] Upgrading com.liferay.marketplace.hook.upgrade.UpgradeProcess_1_0_0
20:42:12,566 INFO  [http-bio-8080-exec-10][UpgradeProcess:164] Upgrading com.liferay.marketplace.hook.upgrade.v1_0_0.UpgradeExpando
20:42:12,629 INFO  [http-bio-8080-exec-10][HookHotDeployListener:851] Hook for marketplace-portlet is available for use
20:42:12,633 INFO  [http-bio-8080-exec-10][PortletHotDeployListener:344] Registering portlets for marketplace-portlet
20:42:12,942 INFO  [http-bio-8080-exec-10][PortletHotDeployListener:497] 3 portlets for marketplace-portlet are available for use
20:42:12,944 INFO  [http-bio-8080-exec-10][HotDeployImpl:217] Deploying calendar-portlet from queue
20:42:12,944 INFO  [http-bio-8080-exec-10][PluginPackageUtil:1016] Reading plugin package for calendar-portlet
20:42:13,051 INFO  [http-bio-8080-exec-10][ServiceComponentLocalServiceImpl:323] Running Calendar SQL scripts
20:42:15,462 INFO  [http-bio-8080-exec-10][HookHotDeployListener:709] Registering hook for calendar-portlet
20:42:15,477 INFO  [http-bio-8080-exec-10][UpgradeProcess:164] Upgrading com.liferay.calendar.hook.upgrade.UpgradeProcess_1_0_2
20:42:15,479 INFO  [http-bio-8080-exec-10][UpgradeProcess:164] Upgrading com.liferay.calendar.hook.upgrade.v1_0_2.UpgradePortletPreferences
20:42:16,350 INFO  [http-bio-8080-exec-10][HookHotDeployListener:851] Hook for calendar-portlet is available for use
20:42:16,367 INFO  [http-bio-8080-exec-10][PortletHotDeployListener:344] Registering portlets for calendar-portlet
20:42:16,675 INFO  [http-bio-8080-exec-10][PortletHotDeployListener:492] 1 portlet for calendar-portlet is available for use
20:42:16,676 INFO  [http-bio-8080-exec-10][SocialHotDeployListener:94] Registering social for calendar-portlet
20:42:16,679 INFO  [http-bio-8080-exec-10][SocialHotDeployListener:103] Social for calendar-portlet is available for use
20:42:16,679 INFO  [http-bio-8080-exec-10][HotDeployImpl:217] Deploying kaleo-web from queue
20:42:16,680 INFO  [http-bio-8080-exec-10][PluginPackageUtil:1016] Reading plugin package for kaleo-web
20:42:16,816 INFO  [http-bio-8080-exec-10][ServiceComponentLocalServiceImpl:323] Running Kaleo SQL scripts
20:42:22,896 INFO  [http-bio-8080-exec-10][HookHotDeployListener:709] Registering hook for kaleo-web
20:42:22,931 INFO  [http-bio-8080-exec-10][UpgradeProcess:164] Upgrading com.liferay.portal.workflow.kaleo.hook.upgrade.UpgradeProcess_1_0_0
20:42:22,934 INFO  [http-bio-8080-exec-10][UpgradeProcess:164] Upgrading com.liferay.portal.workflow.kaleo.hook.upgrade.v1_0_0.UpgradeKaleoTaskInstanceToken
20:42:22,940 INFO  [http-bio-8080-exec-10][UpgradeProcess:164] Upgrading com.liferay.portal.workflow.kaleo.hook.upgrade.UpgradeProcess_1_1_0
20:42:22,942 INFO  [http-bio-8080-exec-10][UpgradeProcess:164] Upgrading com.liferay.portal.workflow.kaleo.hook.upgrade.v1_1_0.UpgradeWorkflowContext
20:42:22,973 INFO  [http-bio-8080-exec-10][UpgradeProcess:164] Upgrading com.liferay.portal.workflow.kaleo.hook.upgrade.UpgradeProcess_1_2_0
20:42:22,975 INFO  [http-bio-8080-exec-10][UpgradeProcess:164] Upgrading com.liferay.portal.workflow.kaleo.hook.upgrade.v1_2_0.UpgradeKaleoLog
20:42:22,984 INFO  [http-bio-8080-exec-10][Table:157] Starting backup of KaleoLog to C:\Users\Administrator\Tools\LiferayBundles\amf-dev-training\liferay-portal-tomcat-6.2-ce-ga5-20151119152357409\liferay-portal-6.2-ce-ga5\tomcat-7.0.62/temp/temp-db-KaleoLog-1471380142984
20:42:22,987 INFO  [http-bio-8080-exec-10][Table:191] Finished backup of KaleoLog to C:\Users\Administrator\Tools\LiferayBundles\amf-dev-training\liferay-portal-tomcat-6.2-ce-ga5-20151119152357409\liferay-portal-6.2-ce-ga5\tomcat-7.0.62/temp/temp-db-KaleoLog-1471380142984 in 3 ms
20:42:23,221 INFO  [http-bio-8080-exec-10][UpgradeProcess:164] Upgrading com.liferay.portal.workflow.kaleo.hook.upgrade.v1_2_0.UpgradeKaleoNotificationRecipient
20:42:23,248 INFO  [http-bio-8080-exec-10][HookHotDeployListener:851] Hook for kaleo-web is available for use
20:42:23,368 INFO  [http-bio-8080-exec-10][HotDeployEvent:145] Plugin notifications-portlet requires marketplace-portlet
20:42:23,368 INFO  [http-bio-8080-exec-10][HotDeployImpl:217] Deploying notifications-portlet from queue
20:42:23,369 INFO  [http-bio-8080-exec-10][PluginPackageUtil:1016] Reading plugin package for notifications-portlet
20:42:23,516 INFO  [http-bio-8080-exec-10][ServiceComponentLocalServiceImpl:323] Running Notification SQL scripts
20:42:24,119 INFO  [http-bio-8080-exec-10][HookHotDeployListener:709] Registering hook for notifications-portlet
20:42:24,132 INFO  [http-bio-8080-exec-10][UpgradeProcess:164] Upgrading com.liferay.notifications.hook.upgrade.UpgradeProcess_1_0_0
20:42:24,134 INFO  [http-bio-8080-exec-10][UpgradeProcess:164] Upgrading com.liferay.notifications.hook.upgrade.v1_0_0.UpgradeUserNotificationEvent
20:42:24,138 INFO  [http-bio-8080-exec-10][UpgradeProcess:164] Upgrading com.liferay.notifications.hook.upgrade.UpgradeProcess_1_1_0
20:42:24,143 INFO  [http-bio-8080-exec-10][UpgradeProcess:164] Upgrading com.liferay.notifications.hook.upgrade.v1_1_0.UpgradeUserNotificationEvent
20:42:24,425 INFO  [http-bio-8080-exec-10][HookHotDeployListener:851] Hook for notifications-portlet is available for use
20:42:24,428 INFO  [http-bio-8080-exec-10][PortletHotDeployListener:344] Registering portlets for notifications-portlet
20:42:24,646 INFO  [http-bio-8080-exec-10][PortletHotDeployListener:497] 2 portlets for notifications-portlet are available for use
20:42:24,672 INFO  [http-bio-8080-exec-10][HotDeployEvent:145] Plugin opensocial-portlet requires marketplace-portlet
20:42:24,672 INFO  [http-bio-8080-exec-10][HotDeployImpl:217] Deploying opensocial-portlet from queue
20:42:24,673 INFO  [http-bio-8080-exec-10][PluginPackageUtil:1016] Reading plugin package for opensocial-portlet
20:42:24,785 INFO  [http-bio-8080-exec-10][ServiceComponentLocalServiceImpl:323] Running OpenSocial SQL scripts
20:42:24,982 WARN  [http-bio-8080-exec-10][BaseDB:457] BLOB/TEXT column 'url' used in key specification without a key length: create unique index IX_A6A89EB1 on OpenSocial_Gadget (companyId, url);_ [Sanitized]
20:42:26,474 INFO  [http-bio-8080-exec-10][HookHotDeployListener:709] Registering hook for opensocial-portlet
20:42:26,541 INFO  [http-bio-8080-exec-10][HookHotDeployListener:851] Hook for opensocial-portlet is available for use
20:42:26,546 INFO  [http-bio-8080-exec-10][PortletHotDeployListener:344] Registering portlets for opensocial-portlet
20:42:27,174 INFO  [http-bio-8080-exec-10][PortletHotDeployListener:497] 4 portlets for opensocial-portlet are available for use
20:42:28,800 INFO  [http-bio-8080-exec-10][HotDeployEvent:145] Plugin resources-importer-web requires marketplace-portlet
20:42:28,800 INFO  [http-bio-8080-exec-10][HotDeployImpl:217] Deploying resources-importer-web from queue
20:42:28,801 INFO  [http-bio-8080-exec-10][PluginPackageUtil:1016] Reading plugin package for resources-importer-web
20:42:28,986 INFO  [http-bio-8080-exec-10][HookHotDeployListener:709] Registering hook for resources-importer-web
20:42:29,063 INFO  [http-bio-8080-exec-10][HookHotDeployListener:851] Hook for resources-importer-web is available for use
20:42:29,090 INFO  [http-bio-8080-exec-10][HotDeployEvent:145] Plugin sync-web requires marketplace-portlet
20:42:29,091 INFO  [http-bio-8080-exec-10][HotDeployImpl:217] Deploying sync-web from queue
20:42:29,091 INFO  [http-bio-8080-exec-10][PluginPackageUtil:1016] Reading plugin package for sync-web
20:42:29,129 INFO  [http-bio-8080-exec-10][ServiceComponentLocalServiceImpl:323] Running Sync SQL scripts
20:42:30,367 INFO  [http-bio-8080-exec-10][HookHotDeployListener:709] Registering hook for sync-web
20:42:30,394 INFO  [http-bio-8080-exec-10][UpgradeProcess:164] Upgrading com.liferay.sync.hook.upgrade.v1_0_0.UpgradeIndex
20:42:30,776 INFO  [http-bio-8080-exec-10][HookHotDeployListener:851] Hook for sync-web is available for use
20:42:30,907 INFO  [http-bio-8080-exec-10][HotDeployEvent:145] Plugin web-form-portlet requires marketplace-portlet
20:42:30,908 INFO  [http-bio-8080-exec-10][HotDeployImpl:217] Deploying web-form-portlet from queue
20:42:30,908 INFO  [http-bio-8080-exec-10][PluginPackageUtil:1016] Reading plugin package for web-form-portlet
20:42:31,130 INFO  [http-bio-8080-exec-10][PortletHotDeployListener:344] Registering portlets for web-form-portlet
20:42:31,276 INFO  [http-bio-8080-exec-10][PortletHotDeployListener:492] 1 portlet for web-form-portlet is available for use
20:44:55,578 INFO  [com.liferay.portal.kernel.deploy.auto.AutoDeployScanner][AutoDeployDir:204] Processing login-registration-tracker-portlet.xml
20:44:55,584 INFO  [com.liferay.portal.kernel.deploy.auto.AutoDeployScanner][PortletExplodedTomcatListener:61] Modifying portlets for C:\Users\Administrator\Tools\LiferayBundles\amf-dev-training\liferay-portal-tomcat-6.2-ce-ga5-20151119152357409\liferay-portal-6.2-ce-ga5\deploy\login-registration-tracker-portlet.xml
20:44:56,038 INFO  [com.liferay.portal.kernel.deploy.auto.AutoDeployScanner][BaseDeployer:2391] Modifying Servlet 2.5 C:\Users\Administrator\Tools\LiferayBundles\amf-dev-training\liferay-portal-tomcat-6.2-ce-ga5-20151119152357409\liferay-portal-6.2-ce-ga5\tomcat-7.0.62\webapps\login-registration-tracker-portlet\WEB-INF\web.xml
20:44:56,039 INFO  [com.liferay.portal.kernel.deploy.auto.AutoDeployScanner][PortletExplodedTomcatListener:67] Portlets for C:\Users\Administrator\Tools\LiferayBundles\amf-dev-training\liferay-portal-tomcat-6.2-ce-ga5-20151119152357409\liferay-portal-6.2-ce-ga5\deploy\login-registration-tracker-portlet.xml modified successfully
20:44:56,039 INFO  [com.liferay.portal.kernel.deploy.auto.AutoDeployScanner][BaseExplodedTomcatListener:49] Copying file C:\Users\Administrator\Tools\LiferayBundles\amf-dev-training\liferay-portal-tomcat-6.2-ce-ga5-20151119152357409\liferay-portal-6.2-ce-ga5\deploy\login-registration-tracker-portlet.xml to C:\Users\Administrator\Tools\LiferayBundles\amf-dev-training\liferay-portal-tomcat-6.2-ce-ga5-20151119152357409\liferay-portal-6.2-ce-ga5\tomcat-7.0.62\conf\Catalina\localhost
20:44:57,305 INFO  [localhost-startStop-2][HotDeployEvent:145] Plugin login-registration-tracker-portlet requires marketplace-portlet
20:44:57,306 INFO  [localhost-startStop-2][HotDeployImpl:217] Deploying login-registration-tracker-portlet from queue
20:44:57,306 INFO  [localhost-startStop-2][PluginPackageUtil:1016] Reading plugin package for login-registration-tracker-portlet
20:44:57,381 INFO  [localhost-startStop-2][ServiceComponentLocalServiceImpl:323] Running tracking SQL scripts
20:44:57,824 INFO  [localhost-startStop-2][HookHotDeployListener:709] Registering hook for login-registration-tracker-portlet
20:44:57,831 INFO  [localhost-startStop-2][HookHotDeployListener:851] Hook for login-registration-tracker-portlet is available for use
20:44:57,833 INFO  [localhost-startStop-2][PortletHotDeployListener:344] Registering portlets for login-registration-tracker-portlet
20:44:57,947 INFO  [localhost-startStop-2][PortletHotDeployListener:492] 1 portlet for login-registration-tracker-portlet is available for use
20:45:12,050 INFO  [com.liferay.portal.kernel.deploy.auto.AutoDeployScanner][AutoDeployDir:204] Processing custom-signup-portlet.xml
20:45:12,055 INFO  [com.liferay.portal.kernel.deploy.auto.AutoDeployScanner][PortletExplodedTomcatListener:61] Modifying portlets for C:\Users\Administrator\Tools\LiferayBundles\amf-dev-training\liferay-portal-tomcat-6.2-ce-ga5-20151119152357409\liferay-portal-6.2-ce-ga5\deploy\custom-signup-portlet.xml
20:45:12,276 INFO  [com.liferay.portal.kernel.deploy.auto.AutoDeployScanner][BaseDeployer:2391] Modifying Servlet 2.5 C:\Users\Administrator\Tools\LiferayBundles\amf-dev-training\liferay-portal-tomcat-6.2-ce-ga5-20151119152357409\liferay-portal-6.2-ce-ga5\tomcat-7.0.62\webapps\custom-signup-portlet\WEB-INF\web.xml
20:45:12,277 INFO  [com.liferay.portal.kernel.deploy.auto.AutoDeployScanner][PortletExplodedTomcatListener:67] Portlets for C:\Users\Administrator\Tools\LiferayBundles\amf-dev-training\liferay-portal-tomcat-6.2-ce-ga5-20151119152357409\liferay-portal-6.2-ce-ga5\deploy\custom-signup-portlet.xml modified successfully
20:45:12,277 INFO  [com.liferay.portal.kernel.deploy.auto.AutoDeployScanner][BaseExplodedTomcatListener:49] Copying file C:\Users\Administrator\Tools\LiferayBundles\amf-dev-training\liferay-portal-tomcat-6.2-ce-ga5-20151119152357409\liferay-portal-6.2-ce-ga5\deploy\custom-signup-portlet.xml to C:\Users\Administrator\Tools\LiferayBundles\amf-dev-training\liferay-portal-tomcat-6.2-ce-ga5-20151119152357409\liferay-portal-6.2-ce-ga5\tomcat-7.0.62\conf\Catalina\localhost
20:45:18,810 INFO  [localhost-startStop-3][HotDeployEvent:145] Plugin custom-signup-portlet requires marketplace-portlet
20:45:18,811 INFO  [localhost-startStop-3][HotDeployImpl:217] Deploying custom-signup-portlet from queue
20:45:18,811 INFO  [localhost-startStop-3][PluginPackageUtil:1016] Reading plugin package for custom-signup-portlet
20:45:18,949 INFO  [localhost-startStop-3][PortletHotDeployListener:344] Registering portlets for custom-signup-portlet
20:45:19,113 INFO  [localhost-startStop-3][PortletHotDeployListener:497] 2 portlets for custom-signup-portlet are available for use
21:13:25,727 INFO  [localhost-startStop-4][HotDeployEvent:145] Plugin custom-signup-portlet requires marketplace-portlet
21:13:25,731 INFO  [localhost-startStop-4][PortletHotDeployListener:525] Unregistering portlets for custom-signup-portlet
21:13:25,738 INFO  [localhost-startStop-4][PortletHotDeployListener:565] 2 portlets for custom-signup-portlet were unregistered
21:13:25,742 INFO  [localhost-startStop-4][PluginPackageUtil:1016] Reading plugin package for custom-signup-portlet
21:13:25,748 INFO  [localhost-startStop-4][HotDeployEvent:145] Plugin login-registration-tracker-portlet requires marketplace-portlet
21:13:25,748 INFO  [localhost-startStop-4][PortletHotDeployListener:525] Unregistering portlets for login-registration-tracker-portlet
21:13:25,751 INFO  [localhost-startStop-4][PortletHotDeployListener:560] 1 portlet for login-registration-tracker-portlet was unregistered
21:13:25,754 INFO  [localhost-startStop-4][HookHotDeployListener:982] Hook for login-registration-tracker-portlet was unregistered
21:13:25,762 INFO  [localhost-startStop-4][PluginPackageUtil:1016] Reading plugin package for login-registration-tracker-portlet
21:13:25,778 INFO  [localhost-startStop-4][HotDeployEvent:145] Plugin web-form-portlet requires marketplace-portlet
21:13:25,778 INFO  [localhost-startStop-4][PortletHotDeployListener:525] Unregistering portlets for web-form-portlet
21:13:25,782 INFO  [localhost-startStop-4][PortletHotDeployListener:560] 1 portlet for web-form-portlet was unregistered
21:13:25,784 INFO  [localhost-startStop-4][PluginPackageUtil:1016] Reading plugin package for web-form-portlet
21:13:25,790 INFO  [localhost-startStop-4][HotDeployEvent:145] Plugin sync-web requires marketplace-portlet
21:13:25,792 INFO  [localhost-startStop-4][HookHotDeployListener:982] Hook for sync-web was unregistered
21:13:25,801 INFO  [localhost-startStop-4][PluginPackageUtil:1016] Reading plugin package for sync-web
21:13:25,811 INFO  [localhost-startStop-4][HotDeployEvent:145] Plugin resources-importer-web requires marketplace-portlet
21:13:25,857 INFO  [localhost-startStop-4][HookHotDeployListener:982] Hook for resources-importer-web was unregistered
21:13:25,859 INFO  [localhost-startStop-4][PluginPackageUtil:1016] Reading plugin package for resources-importer-web
21:13:25,863 INFO  [localhost-startStop-4][HotDeployEvent:145] Plugin opensocial-portlet requires marketplace-portlet
21:13:25,864 INFO  [localhost-startStop-4][PortletHotDeployListener:525] Unregistering portlets for opensocial-portlet
21:13:25,868 INFO  [localhost-startStop-4][PortletHotDeployListener:565] 4 portlets for opensocial-portlet were unregistered
21:13:25,916 INFO  [localhost-startStop-4][HookHotDeployListener:982] Hook for opensocial-portlet was unregistered
21:13:25,927 INFO  [localhost-startStop-4][PluginPackageUtil:1016] Reading plugin package for opensocial-portlet
21:13:25,935 INFO  [localhost-startStop-4][HotDeployEvent:145] Plugin notifications-portlet requires marketplace-portlet
21:13:25,935 INFO  [localhost-startStop-4][PortletHotDeployListener:525] Unregistering portlets for notifications-portlet
21:13:25,937 INFO  [localhost-startStop-4][PortletHotDeployListener:565] 2 portlets for notifications-portlet were unregistered
21:13:26,018 INFO  [localhost-startStop-4][HookHotDeployListener:982] Hook for notifications-portlet was unregistered
21:13:26,022 INFO  [localhost-startStop-4][PluginPackageUtil:1016] Reading plugin package for notifications-portlet
21:13:26,030 INFO  [localhost-startStop-4][PortletHotDeployListener:525] Unregistering portlets for marketplace-portlet
21:13:26,034 INFO  [localhost-startStop-4][PortletHotDeployListener:565] 3 portlets for marketplace-portlet were unregistered
21:13:26,035 INFO  [localhost-startStop-4][HookHotDeployListener:982] Hook for marketplace-portlet was unregistered
21:13:26,040 INFO  [localhost-startStop-4][PluginPackageUtil:1016] Reading plugin package for marketplace-portlet
21:13:26,048 INFO  [localhost-startStop-4][HotDeployEvent:145] Plugin kaleo-web requires marketplace-portlet
21:13:26,049 INFO  [localhost-startStop-4][HookHotDeployListener:982] Hook for kaleo-web was unregistered
21:13:26,069 INFO  [localhost-startStop-4][PluginPackageUtil:1016] Reading plugin package for kaleo-web
21:13:26,078 INFO  [localhost-startStop-4][HotDeployEvent:145] Plugin calendar-portlet requires marketplace-portlet
21:13:26,078 INFO  [localhost-startStop-4][SocialHotDeployListener:159] Social for calendar-portlet was unregistered
21:13:26,078 INFO  [localhost-startStop-4][PortletHotDeployListener:525] Unregistering portlets for calendar-portlet
21:13:26,083 INFO  [localhost-startStop-4][PortletHotDeployListener:560] 1 portlet for calendar-portlet was unregistered
21:13:26,126 INFO  [localhost-startStop-4][HookHotDeployListener:982] Hook for calendar-portlet was unregistered
21:13:26,132 INFO  [localhost-startStop-4][PluginPackageUtil:1016] Reading plugin package for calendar-portlet
